#
# There is insufficient memory for the Java Runtime Environment to continue.
# Native memory allocation (malloc) failed to allocate 1332976 bytes for Chunk::new
# Possible reasons:
#   The system is out of physical RAM or swap space
#   The process is running with CompressedOops enabled, and the Java Heap may be blocking the growth of the native heap
# Possible solutions:
#   Reduce memory load on the system
#   Increase physical memory or swap space
#   Check if swap backing store is full
#   Decrease Java heap size (-Xmx/-Xms)
#   Decrease number of Java threads
#   Decrease Java thread stack sizes (-Xss)
#   Set larger code cache with -XX:ReservedCodeCacheSize=
#   JVM is running with Unscaled Compressed Oops mode in which the Java heap is
#     placed in the first 4GB address space. The Java Heap base address is the
#     maximum limit for the native heap growth. Please use -XX:HeapBaseMinAddress
#     to set the Java Heap base and to place the Java Heap above 4GB virtual address.
# This output file may be truncated or incomplete.
#
#  Out of Memory Error (./src/hotspot/share/memory/arena.cpp:197), pid=9224, tid=26820
#
# JRE version: OpenJDK Runtime Environment JBR-11.0.9.1.11-1145.77-jcef (11.0.9.1+11) (build 11.0.9.1+11-b1145.77)
# Java VM: OpenJDK 64-Bit Server VM JBR-11.0.9.1.11-1145.77-jcef (11.0.9.1+11-b1145.77, mixed mode, tiered, compressed oops, g1 gc, windows-amd64)
# No core dump will be written. Minidumps are not enabled by default on client versions of Windows
#

---------------  S U M M A R Y ------------

Command Line: --add-opens=java.base/java.util=ALL-UNNAMED --add-opens=java.base/java.lang=ALL-UNNAMED --add-opens=java.base/java.lang.invoke=ALL-UNNAMED --add-opens=java.prefs/java.util.prefs=ALL-UNNAMED -Xmx2048m -Dfile.encoding=windows-1251 -Duser.country=RU -Duser.language=ru -Duser.variant org.gradle.launcher.daemon.bootstrap.GradleDaemon 6.1.1

Host: Intel(R) Core(TM) i7-10750H CPU @ 2.60GHz, 12 cores, 15G,  Windows 10 , 64 bit Build 19041 (10.0.19041.928)
Time: Mon May 10 16:59:25 2021 RTZ 2 (зима) elapsed time: 3.745692 seconds (0d 0h 0m 3s)

---------------  T H R E A D  ---------------

Current thread (0x000001cf7e399800):  JavaThread "C2 CompilerThread0" daemon [_thread_in_native, id=26820, stack(0x000000ac17500000,0x000000ac17600000)]


Current CompileTask:
C2:   3745 3020       4       groovy.lang.MetaClassImpl$1MOPIter::methodNameAction (325 bytes)

Stack: [0x000000ac17500000,0x000000ac17600000]
Native frames: (J=compiled Java code, j=interpreted, Vv=VM code, C=native code)
V  [jvm.dll+0x5edd9a]
V  [jvm.dll+0x7229c5]
V  [jvm.dll+0x723f1d]
V  [jvm.dll+0x7245d3]
V  [jvm.dll+0x2431b8]
V  [jvm.dll+0xbc34c]
V  [jvm.dll+0xbc84c]
V  [jvm.dll+0x35354b]
V  [jvm.dll+0x1985dc]
V  [jvm.dll+0x1fc11e]
V  [jvm.dll+0x1fb1e4]
V  [jvm.dll+0x183aac]
V  [jvm.dll+0x209957]
V  [jvm.dll+0x2081a1]
V  [jvm.dll+0x6eb73f]
V  [jvm.dll+0x6e42d5]
V  [jvm.dll+0x5ecd46]
C  [ucrtbase.dll+0x21bb2]
C  [KERNEL32.DLL+0x17034]
C  [ntdll.dll+0x52651]


---------------  P R O C E S S  ---------------

Threads class SMR info:
_java_thread_list=0x000001cf03fedd50, length=30, elements={
0x000001cf6310c800, 0x000001cf7db04800, 0x000001cf7dafb000, 0x000001cf7e397000,
0x000001cf7e398800, 0x000001cf7e399800, 0x000001cf7e39d800, 0x000001cf7e3a1000,
0x000001cf7e555800, 0x000001cf7e5a1000, 0x000001cf7fcab000, 0x000001cf7e62a800,
0x000001cf7f943800, 0x000001cf7f38f800, 0x000001cf7f984800, 0x000001cf7f832800,
0x000001cf7f294800, 0x000001cf00a5e800, 0x000001cf00220800, 0x000001cf00238000,
0x000001cf00233800, 0x000001cf7fc79000, 0x000001cf7fc78000, 0x000001cf7fc79800,
0x000001cf7fc7a800, 0x000001cf7fc7c000, 0x000001cf7fc7b000, 0x000001cf7fc7d000,
0x000001cf7fc77000, 0x000001cf026eb800
}

Java Threads: ( => current thread )
  0x000001cf6310c800 JavaThread "main" [_thread_blocked, id=19920, stack(0x000000ac16a00000,0x000000ac16b00000)]
  0x000001cf7db04800 JavaThread "Reference Handler" daemon [_thread_blocked, id=18192, stack(0x000000ac17100000,0x000000ac17200000)]
  0x000001cf7dafb000 JavaThread "Finalizer" daemon [_thread_blocked, id=22120, stack(0x000000ac17200000,0x000000ac17300000)]
  0x000001cf7e397000 JavaThread "Signal Dispatcher" daemon [_thread_blocked, id=9896, stack(0x000000ac17300000,0x000000ac17400000)]
  0x000001cf7e398800 JavaThread "Attach Listener" daemon [_thread_blocked, id=19216, stack(0x000000ac17400000,0x000000ac17500000)]
=>0x000001cf7e399800 JavaThread "C2 CompilerThread0" daemon [_thread_in_native, id=26820, stack(0x000000ac17500000,0x000000ac17600000)]
  0x000001cf7e39d800 JavaThread "C1 CompilerThread0" daemon [_thread_in_native, id=11200, stack(0x000000ac17600000,0x000000ac17700000)]
  0x000001cf7e3a1000 JavaThread "Sweeper thread" daemon [_thread_blocked, id=3196, stack(0x000000ac17700000,0x000000ac17800000)]
  0x000001cf7e555800 JavaThread "Common-Cleaner" daemon [_thread_blocked, id=6608, stack(0x000000ac17800000,0x000000ac17900000)]
  0x000001cf7e5a1000 JavaThread "Service Thread" daemon [_thread_blocked, id=24132, stack(0x000000ac17900000,0x000000ac17a00000)]
  0x000001cf7fcab000 JavaThread "Daemon health stats" [_thread_blocked, id=19764, stack(0x000000ac18200000,0x000000ac18300000)]
  0x000001cf7e62a800 JavaThread "Incoming local TCP Connector on port 59683" [_thread_in_native, id=1240, stack(0x000000ac17b00000,0x000000ac17c00000)]
  0x000001cf7f943800 JavaThread "Daemon periodic checks" [_thread_blocked, id=11116, stack(0x000000ac18100000,0x000000ac18200000)]
  0x000001cf7f38f800 JavaThread "Daemon" [_thread_blocked, id=10388, stack(0x000000ac18300000,0x000000ac18400000)]
  0x000001cf7f984800 JavaThread "Handler for socket connection from /127.0.0.1:59683 to /127.0.0.1:59684" [_thread_in_native, id=3972, stack(0x000000ac18400000,0x000000ac18500000)]
  0x000001cf7f832800 JavaThread "Cancel handler" [_thread_blocked, id=18788, stack(0x000000ac18500000,0x000000ac18600000)]
  0x000001cf7f294800 JavaThread "Daemon worker" [_thread_in_Java, id=26544, stack(0x000000ac18600000,0x000000ac18700000)]
  0x000001cf00a5e800 JavaThread "C2 CompilerThread1" daemon [_thread_in_native, id=27484, stack(0x000000ac18700000,0x000000ac18800000)]
  0x000001cf00220800 JavaThread "Asynchronous log dispatcher for DefaultDaemonConnection: socket connection from /127.0.0.1:59683 to /127.0.0.1:59684" [_thread_blocked, id=17748, stack(0x000000ac18800000,0x000000ac18900000)]
  0x000001cf00238000 JavaThread "Stdin handler" [_thread_blocked, id=9120, stack(0x000000ac18900000,0x000000ac18a00000)]
  0x000001cf00233800 JavaThread "Thread-8" [_thread_blocked, id=11296, stack(0x000000ac18a00000,0x000000ac18b00000)]
  0x000001cf7fc79000 JavaThread "Cache worker for journal cache (C:\Users\ccod\.gradle\caches\journal-1)" [_thread_blocked, id=18720, stack(0x000000ac18b00000,0x000000ac18c00000)]
  0x000001cf7fc78000 JavaThread "File lock request listener" [_thread_in_native, id=13532, stack(0x000000ac18c00000,0x000000ac18d00000)]
  0x000001cf7fc79800 JavaThread "Cache worker for file hash cache (C:\Users\ccod\.gradle\caches\6.1.1\fileHashes)" [_thread_blocked, id=24688, stack(0x000000ac18d00000,0x000000ac18e00000)]
  0x000001cf7fc7a800 JavaThread "Cache worker for checksums cache (D:\Projects\School\Skill_Branch\Lesson4\SkillArticles\.gradle\checksums)" [_thread_blocked, id=16108, stack(0x000000ac19400000,0x000000ac19500000)]
  0x000001cf7fc7c000 JavaThread "Cache worker for file hash cache (D:\Projects\School\Skill_Branch\Lesson4\SkillArticles\.gradle\6.1.1\fileHashes)" [_thread_blocked, id=10944, stack(0x000000ac19500000,0x000000ac19600000)]
  0x000001cf7fc7b000 JavaThread "Cache worker for cache directory md-supplier (C:\Users\ccod\.gradle\caches\6.1.1\md-supplier)" [_thread_blocked, id=19008, stack(0x000000ac19600000,0x000000ac19700000)]
  0x000001cf7fc7d000 JavaThread "Cache worker for cache directory md-rule (C:\Users\ccod\.gradle\caches\6.1.1\md-rule)" [_thread_blocked, id=4568, stack(0x000000ac19700000,0x000000ac19800000)]
  0x000001cf7fc77000 JavaThread "Cache worker for execution history cache (C:\Users\ccod\.gradle\caches\6.1.1\executionHistory)" [_thread_blocked, id=18940, stack(0x000000ac19800000,0x000000ac19900000)]
  0x000001cf026eb800 JavaThread "C2 CompilerThread2" daemon [_thread_in_native, id=20132, stack(0x000000ac19900000,0x000000ac19a00000)]

Other Threads:
  0x000001cf7daf2000 VMThread "VM Thread" [stack: 0x000000ac17000000,0x000000ac17100000] [id=25796]
  0x000001cf7e5a2000 WatcherThread [stack: 0x000000ac17a00000,0x000000ac17b00000] [id=21512]
  0x000001cf63126000 GCTaskThread "GC Thread#0" [stack: 0x000000ac16b00000,0x000000ac16c00000] [id=26572]
  0x000001cf7f350800 GCTaskThread "GC Thread#1" [stack: 0x000000ac17c00000,0x000000ac17d00000] [id=13144]
  0x000001cf7f430800 GCTaskThread "GC Thread#2" [stack: 0x000000ac17d00000,0x000000ac17e00000] [id=6064]
  0x000001cf7f431800 GCTaskThread "GC Thread#3" [stack: 0x000000ac17e00000,0x000000ac17f00000] [id=26864]
  0x000001cf7eefc000 GCTaskThread "GC Thread#4" [stack: 0x000000ac17f00000,0x000000ac18000000] [id=21668]
  0x000001cf7eefc800 GCTaskThread "GC Thread#5" [stack: 0x000000ac18000000,0x000000ac18100000] [id=21844]
  0x000001cf7fb83000 GCTaskThread "GC Thread#6" [stack: 0x000000ac18e00000,0x000000ac18f00000] [id=27228]
  0x000001cf7f64f000 GCTaskThread "GC Thread#7" [stack: 0x000000ac18f00000,0x000000ac19000000] [id=5644]
  0x000001cf7f841800 GCTaskThread "GC Thread#8" [stack: 0x000000ac19000000,0x000000ac19100000] [id=14252]
  0x000001cf7f873000 GCTaskThread "GC Thread#9" [stack: 0x000000ac19100000,0x000000ac19200000] [id=26220]
  0x000001cf6315b000 ConcurrentGCThread "G1 Main Marker" [stack: 0x000000ac16c00000,0x000000ac16d00000] [id=16608]
  0x000001cf6315c800 ConcurrentGCThread "G1 Conc#0" [stack: 0x000000ac16d00000,0x000000ac16e00000] [id=12472]
  0x000001cf7efcf000 ConcurrentGCThread "G1 Conc#1" [stack: 0x000000ac19200000,0x000000ac19300000] [id=22380]
  0x000001cf7fab0800 ConcurrentGCThread "G1 Conc#2" [stack: 0x000000ac19300000,0x000000ac19400000] [id=9476]
  0x000001cf7d9ba800 ConcurrentGCThread "G1 Refine#0" [stack: 0x000000ac16e00000,0x000000ac16f00000] [id=7728]
  0x000001cf7d9bb800 ConcurrentGCThread "G1 Young RemSet Sampling" [stack: 0x000000ac16f00000,0x000000ac17000000] [id=8768]

Threads with active compile tasks:
C2 CompilerThread0   3773 3020       4       groovy.lang.MetaClassImpl$1MOPIter::methodNameAction (325 bytes)
C2 CompilerThread2   3773 3052       4       org.objectweb.asm.Frame::execute (2318 bytes)

VM state:not at safepoint (normal execution)

VM Mutex/Monitor currently owned by a thread: None

Heap address: 0x0000000080000000, size: 2048 MB, Compressed Oops mode: 32-bit
Narrow klass base: 0x0000000000000000, Narrow klass shift: 3
Compressed class space size: 1073741824 Address: 0x0000000100000000

Heap:
 garbage-first heap   total 262144K, used 113176K [0x0000000080000000, 0x0000000100000000)
  region size 1024K, 87 young (89088K), 7 survivors (7168K)
 Metaspace       used 41371K, capacity 42354K, committed 42544K, reserved 1085440K
  class space    used 5307K, capacity 5635K, committed 5760K, reserved 1048576K
Heap Regions: E=young(eden), S=young(survivor), O=old, HS=humongous(starts), HC=humongous(continues), CS=collection set, F=free, A=archive, TAMS=top-at-mark-start (previous, next)
|   0|0x0000000080000000, 0x0000000080100000, 0x0000000080100000|100%| O|  |TAMS 0x0000000080100000, 0x0000000080000000| Untracked 
|   1|0x0000000080100000, 0x0000000080200000, 0x0000000080200000|100%| O|  |TAMS 0x0000000080200000, 0x0000000080100000| Untracked 
|   2|0x0000000080200000, 0x0000000080300000, 0x0000000080300000|100%| O|  |TAMS 0x0000000080300000, 0x0000000080200000| Untracked 
|   3|0x0000000080300000, 0x0000000080400000, 0x0000000080400000|100%|HS|  |TAMS 0x0000000080400000, 0x0000000080300000| Complete 
|   4|0x0000000080400000, 0x0000000080500000, 0x0000000080500000|100%|HC|  |TAMS 0x0000000080500000, 0x0000000080400000| Complete 
|   5|0x0000000080500000, 0x0000000080600000, 0x0000000080600000|100%|HC|  |TAMS 0x0000000080600000, 0x0000000080500000| Complete 
|   6|0x0000000080600000, 0x0000000080700000, 0x0000000080700000|100%| O|  |TAMS 0x0000000080700000, 0x0000000080600000| Untracked 
|   7|0x0000000080700000, 0x0000000080800000, 0x0000000080800000|100%| O|  |TAMS 0x0000000080800000, 0x0000000080700000| Untracked 
|   8|0x0000000080800000, 0x0000000080900000, 0x0000000080900000|100%| O|  |TAMS 0x0000000080900000, 0x0000000080800000| Untracked 
|   9|0x0000000080900000, 0x0000000080a00000, 0x0000000080a00000|100%| O|  |TAMS 0x0000000080a00000, 0x0000000080900000| Untracked 
|  10|0x0000000080a00000, 0x0000000080b00000, 0x0000000080b00000|100%| O|  |TAMS 0x0000000080b00000, 0x0000000080a00000| Untracked 
|  11|0x0000000080b00000, 0x0000000080c00000, 0x0000000080c00000|100%| O|  |TAMS 0x0000000080c00000, 0x0000000080b00000| Untracked 
|  12|0x0000000080c00000, 0x0000000080d00000, 0x0000000080d00000|100%| O|  |TAMS 0x0000000080d00000, 0x0000000080c00000| Untracked 
|  13|0x0000000080d00000, 0x0000000080e00000, 0x0000000080e00000|100%| O|  |TAMS 0x0000000080e00000, 0x0000000080d00000| Untracked 
|  14|0x0000000080e00000, 0x0000000080f00000, 0x0000000080f00000|100%| O|  |TAMS 0x0000000080f00000, 0x0000000080e00000| Untracked 
|  15|0x0000000080f00000, 0x0000000080f1ae00, 0x0000000081000000| 10%| O|  |TAMS 0x0000000080f1ae00, 0x0000000080f00000| Untracked 
|  16|0x0000000081000000, 0x0000000081100000, 0x0000000081100000|100%|HS|  |TAMS 0x0000000081100000, 0x0000000081000000| Complete 
|  17|0x0000000081100000, 0x0000000081200000, 0x0000000081200000|100%|HC|  |TAMS 0x0000000081200000, 0x0000000081100000| Complete 
|  18|0x0000000081200000, 0x0000000081300000, 0x0000000081300000|100%|HS|  |TAMS 0x0000000081300000, 0x0000000081200000| Complete 
|  19|0x0000000081300000, 0x0000000081400000, 0x0000000081400000|100%|HC|  |TAMS 0x0000000081400000, 0x0000000081300000| Complete 
|  20|0x0000000081400000, 0x0000000081500000, 0x0000000081500000|100%|HC|  |TAMS 0x0000000081500000, 0x0000000081400000| Complete 
|  21|0x0000000081500000, 0x0000000081600000, 0x0000000081600000|100%|HS|  |TAMS 0x0000000081600000, 0x0000000081500000| Complete 
|  22|0x0000000081600000, 0x0000000081700000, 0x0000000081700000|100%|HC|  |TAMS 0x0000000081700000, 0x0000000081600000| Complete 
|  23|0x0000000081700000, 0x0000000081800000, 0x0000000081800000|100%|HC|  |TAMS 0x0000000081800000, 0x0000000081700000| Complete 
|  24|0x0000000081800000, 0x0000000081900000, 0x0000000081900000|100%|HC|  |TAMS 0x0000000081900000, 0x0000000081800000| Complete 
|  25|0x0000000081900000, 0x0000000081900000, 0x0000000081a00000|  0%| F|  |TAMS 0x0000000081900000, 0x0000000081900000| Untracked 
|  26|0x0000000081a00000, 0x0000000081b00000, 0x0000000081b00000|100%|HS|  |TAMS 0x0000000081b00000, 0x0000000081a00000| Complete 
|  27|0x0000000081b00000, 0x0000000081c00000, 0x0000000081c00000|100%|HC|  |TAMS 0x0000000081c00000, 0x0000000081b00000| Complete 
|  28|0x0000000081c00000, 0x0000000081c00000, 0x0000000081d00000|  0%| F|  |TAMS 0x0000000081c00000, 0x0000000081c00000| Untracked 
|  29|0x0000000081d00000, 0x0000000081d00000, 0x0000000081e00000|  0%| F|  |TAMS 0x0000000081d00000, 0x0000000081d00000| Untracked 
|  30|0x0000000081e00000, 0x0000000081e00000, 0x0000000081f00000|  0%| F|  |TAMS 0x0000000081e00000, 0x0000000081e00000| Untracked 
|  31|0x0000000081f00000, 0x0000000081f00000, 0x0000000082000000|  0%| F|  |TAMS 0x0000000081f00000, 0x0000000081f00000| Untracked 
|  32|0x0000000082000000, 0x0000000082000000, 0x0000000082100000|  0%| F|  |TAMS 0x0000000082000000, 0x0000000082000000| Untracked 
|  33|0x0000000082100000, 0x0000000082100000, 0x0000000082200000|  0%| F|  |TAMS 0x0000000082100000, 0x0000000082100000| Untracked 
|  34|0x0000000082200000, 0x0000000082200000, 0x0000000082300000|  0%| F|  |TAMS 0x0000000082200000, 0x0000000082200000| Untracked 
|  35|0x0000000082300000, 0x0000000082300000, 0x0000000082400000|  0%| F|  |TAMS 0x0000000082300000, 0x0000000082300000| Untracked 
|  36|0x0000000082400000, 0x0000000082400000, 0x0000000082500000|  0%| F|  |TAMS 0x0000000082400000, 0x0000000082400000| Untracked 
|  37|0x0000000082500000, 0x0000000082500000, 0x0000000082600000|  0%| F|  |TAMS 0x0000000082500000, 0x0000000082500000| Untracked 
|  38|0x0000000082600000, 0x0000000082600000, 0x0000000082700000|  0%| F|  |TAMS 0x0000000082600000, 0x0000000082600000| Untracked 
|  39|0x0000000082700000, 0x0000000082700000, 0x0000000082800000|  0%| F|  |TAMS 0x0000000082700000, 0x0000000082700000| Untracked 
|  40|0x0000000082800000, 0x0000000082800000, 0x0000000082900000|  0%| F|  |TAMS 0x0000000082800000, 0x0000000082800000| Untracked 
|  41|0x0000000082900000, 0x0000000082900000, 0x0000000082a00000|  0%| F|  |TAMS 0x0000000082900000, 0x0000000082900000| Untracked 
|  42|0x0000000082a00000, 0x0000000082a00000, 0x0000000082b00000|  0%| F|  |TAMS 0x0000000082a00000, 0x0000000082a00000| Untracked 
|  43|0x0000000082b00000, 0x0000000082b00000, 0x0000000082c00000|  0%| F|  |TAMS 0x0000000082b00000, 0x0000000082b00000| Untracked 
|  44|0x0000000082c00000, 0x0000000082c00000, 0x0000000082d00000|  0%| F|  |TAMS 0x0000000082c00000, 0x0000000082c00000| Untracked 
|  45|0x0000000082d00000, 0x0000000082d00000, 0x0000000082e00000|  0%| F|  |TAMS 0x0000000082d00000, 0x0000000082d00000| Untracked 
|  46|0x0000000082e00000, 0x0000000082e00000, 0x0000000082f00000|  0%| F|  |TAMS 0x0000000082e00000, 0x0000000082e00000| Untracked 
|  47|0x0000000082f00000, 0x0000000082f00000, 0x0000000083000000|  0%| F|  |TAMS 0x0000000082f00000, 0x0000000082f00000| Untracked 
|  48|0x0000000083000000, 0x0000000083000000, 0x0000000083100000|  0%| F|  |TAMS 0x0000000083000000, 0x0000000083000000| Untracked 
|  49|0x0000000083100000, 0x0000000083100000, 0x0000000083200000|  0%| F|  |TAMS 0x0000000083100000, 0x0000000083100000| Untracked 
|  50|0x0000000083200000, 0x0000000083200000, 0x0000000083300000|  0%| F|  |TAMS 0x0000000083200000, 0x0000000083200000| Untracked 
|  51|0x0000000083300000, 0x0000000083300000, 0x0000000083400000|  0%| F|  |TAMS 0x0000000083300000, 0x0000000083300000| Untracked 
|  52|0x0000000083400000, 0x0000000083400000, 0x0000000083500000|  0%| F|  |TAMS 0x0000000083400000, 0x0000000083400000| Untracked 
|  53|0x0000000083500000, 0x0000000083500000, 0x0000000083600000|  0%| F|  |TAMS 0x0000000083500000, 0x0000000083500000| Untracked 
|  54|0x0000000083600000, 0x0000000083600000, 0x0000000083700000|  0%| F|  |TAMS 0x0000000083600000, 0x0000000083600000| Untracked 
|  55|0x0000000083700000, 0x0000000083700000, 0x0000000083800000|  0%| F|  |TAMS 0x0000000083700000, 0x0000000083700000| Untracked 
|  56|0x0000000083800000, 0x0000000083800000, 0x0000000083900000|  0%| F|  |TAMS 0x0000000083800000, 0x0000000083800000| Untracked 
|  57|0x0000000083900000, 0x0000000083900000, 0x0000000083a00000|  0%| F|  |TAMS 0x0000000083900000, 0x0000000083900000| Untracked 
|  58|0x0000000083a00000, 0x0000000083a00000, 0x0000000083b00000|  0%| F|  |TAMS 0x0000000083a00000, 0x0000000083a00000| Untracked 
|  59|0x0000000083b00000, 0x0000000083b00000, 0x0000000083c00000|  0%| F|  |TAMS 0x0000000083b00000, 0x0000000083b00000| Untracked 
|  60|0x0000000083c00000, 0x0000000083c00000, 0x0000000083d00000|  0%| F|  |TAMS 0x0000000083c00000, 0x0000000083c00000| Untracked 
|  61|0x0000000083d00000, 0x0000000083d00000, 0x0000000083e00000|  0%| F|  |TAMS 0x0000000083d00000, 0x0000000083d00000| Untracked 
|  62|0x0000000083e00000, 0x0000000083e00000, 0x0000000083f00000|  0%| F|  |TAMS 0x0000000083e00000, 0x0000000083e00000| Untracked 
|  63|0x0000000083f00000, 0x0000000083f00000, 0x0000000084000000|  0%| F|  |TAMS 0x0000000083f00000, 0x0000000083f00000| Untracked 
|  64|0x0000000084000000, 0x0000000084000000, 0x0000000084100000|  0%| F|  |TAMS 0x0000000084000000, 0x0000000084000000| Untracked 
|  65|0x0000000084100000, 0x0000000084100000, 0x0000000084200000|  0%| F|  |TAMS 0x0000000084100000, 0x0000000084100000| Untracked 
|  66|0x0000000084200000, 0x0000000084200000, 0x0000000084300000|  0%| F|  |TAMS 0x0000000084200000, 0x0000000084200000| Untracked 
|  67|0x0000000084300000, 0x0000000084300000, 0x0000000084400000|  0%| F|  |TAMS 0x0000000084300000, 0x0000000084300000| Untracked 
|  68|0x0000000084400000, 0x0000000084400000, 0x0000000084500000|  0%| F|  |TAMS 0x0000000084400000, 0x0000000084400000| Untracked 
|  69|0x0000000084500000, 0x0000000084500000, 0x0000000084600000|  0%| F|  |TAMS 0x0000000084500000, 0x0000000084500000| Untracked 
|  70|0x0000000084600000, 0x0000000084600000, 0x0000000084700000|  0%| F|  |TAMS 0x0000000084600000, 0x0000000084600000| Untracked 
|  71|0x0000000084700000, 0x0000000084700000, 0x0000000084800000|  0%| F|  |TAMS 0x0000000084700000, 0x0000000084700000| Untracked 
|  72|0x0000000084800000, 0x0000000084800000, 0x0000000084900000|  0%| F|  |TAMS 0x0000000084800000, 0x0000000084800000| Untracked 
|  73|0x0000000084900000, 0x0000000084900000, 0x0000000084a00000|  0%| F|  |TAMS 0x0000000084900000, 0x0000000084900000| Untracked 
|  74|0x0000000084a00000, 0x0000000084a00000, 0x0000000084b00000|  0%| F|  |TAMS 0x0000000084a00000, 0x0000000084a00000| Untracked 
|  75|0x0000000084b00000, 0x0000000084b00000, 0x0000000084c00000|  0%| F|  |TAMS 0x0000000084b00000, 0x0000000084b00000| Untracked 
|  76|0x0000000084c00000, 0x0000000084c00000, 0x0000000084d00000|  0%| F|  |TAMS 0x0000000084c00000, 0x0000000084c00000| Untracked 
|  77|0x0000000084d00000, 0x0000000084d00000, 0x0000000084e00000|  0%| F|  |TAMS 0x0000000084d00000, 0x0000000084d00000| Untracked 
|  78|0x0000000084e00000, 0x0000000084e00000, 0x0000000084f00000|  0%| F|  |TAMS 0x0000000084e00000, 0x0000000084e00000| Untracked 
|  79|0x0000000084f00000, 0x0000000084f00000, 0x0000000085000000|  0%| F|  |TAMS 0x0000000084f00000, 0x0000000084f00000| Untracked 
|  80|0x0000000085000000, 0x0000000085000000, 0x0000000085100000|  0%| F|  |TAMS 0x0000000085000000, 0x0000000085000000| Untracked 
|  81|0x0000000085100000, 0x0000000085100000, 0x0000000085200000|  0%| F|  |TAMS 0x0000000085100000, 0x0000000085100000| Untracked 
|  82|0x0000000085200000, 0x0000000085200000, 0x0000000085300000|  0%| F|  |TAMS 0x0000000085200000, 0x0000000085200000| Untracked 
|  83|0x0000000085300000, 0x0000000085300000, 0x0000000085400000|  0%| F|  |TAMS 0x0000000085300000, 0x0000000085300000| Untracked 
|  84|0x0000000085400000, 0x0000000085400000, 0x0000000085500000|  0%| F|  |TAMS 0x0000000085400000, 0x0000000085400000| Untracked 
|  85|0x0000000085500000, 0x0000000085500000, 0x0000000085600000|  0%| F|  |TAMS 0x0000000085500000, 0x0000000085500000| Untracked 
|  86|0x0000000085600000, 0x0000000085600000, 0x0000000085700000|  0%| F|  |TAMS 0x0000000085600000, 0x0000000085600000| Untracked 
|  87|0x0000000085700000, 0x0000000085700000, 0x0000000085800000|  0%| F|  |TAMS 0x0000000085700000, 0x0000000085700000| Untracked 
|  88|0x0000000085800000, 0x0000000085800000, 0x0000000085900000|  0%| F|  |TAMS 0x0000000085800000, 0x0000000085800000| Untracked 
|  89|0x0000000085900000, 0x0000000085900000, 0x0000000085a00000|  0%| F|  |TAMS 0x0000000085900000, 0x0000000085900000| Untracked 
|  90|0x0000000085a00000, 0x0000000085a00000, 0x0000000085b00000|  0%| F|  |TAMS 0x0000000085a00000, 0x0000000085a00000| Untracked 
|  91|0x0000000085b00000, 0x0000000085b00000, 0x0000000085c00000|  0%| F|  |TAMS 0x0000000085b00000, 0x0000000085b00000| Untracked 
|  92|0x0000000085c00000, 0x0000000085c00000, 0x0000000085d00000|  0%| F|  |TAMS 0x0000000085c00000, 0x0000000085c00000| Untracked 
|  93|0x0000000085d00000, 0x0000000085d00000, 0x0000000085e00000|  0%| F|  |TAMS 0x0000000085d00000, 0x0000000085d00000| Untracked 
|  94|0x0000000085e00000, 0x0000000085e00000, 0x0000000085f00000|  0%| F|  |TAMS 0x0000000085e00000, 0x0000000085e00000| Untracked 
|  95|0x0000000085f00000, 0x0000000085f00000, 0x0000000086000000|  0%| F|  |TAMS 0x0000000085f00000, 0x0000000085f00000| Untracked 
|  96|0x0000000086000000, 0x0000000086000000, 0x0000000086100000|  0%| F|  |TAMS 0x0000000086000000, 0x0000000086000000| Untracked 
|  97|0x0000000086100000, 0x0000000086100000, 0x0000000086200000|  0%| F|  |TAMS 0x0000000086100000, 0x0000000086100000| Untracked 
|  98|0x0000000086200000, 0x0000000086200000, 0x0000000086300000|  0%| F|  |TAMS 0x0000000086200000, 0x0000000086200000| Untracked 
|  99|0x0000000086300000, 0x0000000086300000, 0x0000000086400000|  0%| F|  |TAMS 0x0000000086300000, 0x0000000086300000| Untracked 
| 100|0x0000000086400000, 0x0000000086400000, 0x0000000086500000|  0%| F|  |TAMS 0x0000000086400000, 0x0000000086400000| Untracked 
| 101|0x0000000086500000, 0x0000000086500000, 0x0000000086600000|  0%| F|  |TAMS 0x0000000086500000, 0x0000000086500000| Untracked 
| 102|0x0000000086600000, 0x0000000086600000, 0x0000000086700000|  0%| F|  |TAMS 0x0000000086600000, 0x0000000086600000| Untracked 
| 103|0x0000000086700000, 0x0000000086700000, 0x0000000086800000|  0%| F|  |TAMS 0x0000000086700000, 0x0000000086700000| Untracked 
| 104|0x0000000086800000, 0x0000000086800000, 0x0000000086900000|  0%| F|  |TAMS 0x0000000086800000, 0x0000000086800000| Untracked 
| 105|0x0000000086900000, 0x0000000086900000, 0x0000000086a00000|  0%| F|  |TAMS 0x0000000086900000, 0x0000000086900000| Untracked 
| 106|0x0000000086a00000, 0x0000000086a00000, 0x0000000086b00000|  0%| F|  |TAMS 0x0000000086a00000, 0x0000000086a00000| Untracked 
| 107|0x0000000086b00000, 0x0000000086b00000, 0x0000000086c00000|  0%| F|  |TAMS 0x0000000086b00000, 0x0000000086b00000| Untracked 
| 108|0x0000000086c00000, 0x0000000086c00000, 0x0000000086d00000|  0%| F|  |TAMS 0x0000000086c00000, 0x0000000086c00000| Untracked 
| 109|0x0000000086d00000, 0x0000000086d00000, 0x0000000086e00000|  0%| F|  |TAMS 0x0000000086d00000, 0x0000000086d00000| Untracked 
| 110|0x0000000086e00000, 0x0000000086e00000, 0x0000000086f00000|  0%| F|  |TAMS 0x0000000086e00000, 0x0000000086e00000| Untracked 
| 111|0x0000000086f00000, 0x0000000086f00000, 0x0000000087000000|  0%| F|  |TAMS 0x0000000086f00000, 0x0000000086f00000| Untracked 
| 112|0x0000000087000000, 0x0000000087000000, 0x0000000087100000|  0%| F|  |TAMS 0x0000000087000000, 0x0000000087000000| Untracked 
| 113|0x0000000087100000, 0x0000000087100000, 0x0000000087200000|  0%| F|  |TAMS 0x0000000087100000, 0x0000000087100000| Untracked 
| 114|0x0000000087200000, 0x0000000087200000, 0x0000000087300000|  0%| F|  |TAMS 0x0000000087200000, 0x0000000087200000| Untracked 
| 115|0x0000000087300000, 0x0000000087300000, 0x0000000087400000|  0%| F|  |TAMS 0x0000000087300000, 0x0000000087300000| Untracked 
| 116|0x0000000087400000, 0x0000000087400000, 0x0000000087500000|  0%| F|  |TAMS 0x0000000087400000, 0x0000000087400000| Untracked 
| 117|0x0000000087500000, 0x0000000087500000, 0x0000000087600000|  0%| F|  |TAMS 0x0000000087500000, 0x0000000087500000| Untracked 
| 118|0x0000000087600000, 0x0000000087600000, 0x0000000087700000|  0%| F|  |TAMS 0x0000000087600000, 0x0000000087600000| Untracked 
| 119|0x0000000087700000, 0x0000000087700000, 0x0000000087800000|  0%| F|  |TAMS 0x0000000087700000, 0x0000000087700000| Untracked 
| 120|0x0000000087800000, 0x0000000087800000, 0x0000000087900000|  0%| F|  |TAMS 0x0000000087800000, 0x0000000087800000| Untracked 
| 121|0x0000000087900000, 0x0000000087900000, 0x0000000087a00000|  0%| F|  |TAMS 0x0000000087900000, 0x0000000087900000| Untracked 
| 122|0x0000000087a00000, 0x0000000087a00000, 0x0000000087b00000|  0%| F|  |TAMS 0x0000000087a00000, 0x0000000087a00000| Untracked 
| 123|0x0000000087b00000, 0x0000000087b00000, 0x0000000087c00000|  0%| F|  |TAMS 0x0000000087b00000, 0x0000000087b00000| Untracked 
| 124|0x0000000087c00000, 0x0000000087c00000, 0x0000000087d00000|  0%| F|  |TAMS 0x0000000087c00000, 0x0000000087c00000| Untracked 
| 125|0x0000000087d00000, 0x0000000087d00000, 0x0000000087e00000|  0%| F|  |TAMS 0x0000000087d00000, 0x0000000087d00000| Untracked 
| 126|0x0000000087e00000, 0x0000000087e00000, 0x0000000087f00000|  0%| F|  |TAMS 0x0000000087e00000, 0x0000000087e00000| Untracked 
| 127|0x0000000087f00000, 0x0000000087f00000, 0x0000000088000000|  0%| F|  |TAMS 0x0000000087f00000, 0x0000000087f00000| Untracked 
| 128|0x0000000088000000, 0x0000000088000000, 0x0000000088100000|  0%| F|  |TAMS 0x0000000088000000, 0x0000000088000000| Untracked 
| 129|0x0000000088100000, 0x0000000088100000, 0x0000000088200000|  0%| F|  |TAMS 0x0000000088100000, 0x0000000088100000| Untracked 
| 130|0x0000000088200000, 0x0000000088200000, 0x0000000088300000|  0%| F|  |TAMS 0x0000000088200000, 0x0000000088200000| Untracked 
| 131|0x0000000088300000, 0x0000000088300000, 0x0000000088400000|  0%| F|  |TAMS 0x0000000088300000, 0x0000000088300000| Untracked 
| 132|0x0000000088400000, 0x0000000088400000, 0x0000000088500000|  0%| F|  |TAMS 0x0000000088400000, 0x0000000088400000| Untracked 
| 133|0x0000000088500000, 0x0000000088500000, 0x0000000088600000|  0%| F|  |TAMS 0x0000000088500000, 0x0000000088500000| Untracked 
| 134|0x0000000088600000, 0x0000000088600000, 0x0000000088700000|  0%| F|  |TAMS 0x0000000088600000, 0x0000000088600000| Untracked 
| 135|0x0000000088700000, 0x0000000088700000, 0x0000000088800000|  0%| F|  |TAMS 0x0000000088700000, 0x0000000088700000| Untracked 
| 136|0x0000000088800000, 0x0000000088800000, 0x0000000088900000|  0%| F|  |TAMS 0x0000000088800000, 0x0000000088800000| Untracked 
| 137|0x0000000088900000, 0x0000000088900000, 0x0000000088a00000|  0%| F|  |TAMS 0x0000000088900000, 0x0000000088900000| Untracked 
| 138|0x0000000088a00000, 0x0000000088a00000, 0x0000000088b00000|  0%| F|  |TAMS 0x0000000088a00000, 0x0000000088a00000| Untracked 
| 139|0x0000000088b00000, 0x0000000088b00000, 0x0000000088c00000|  0%| F|  |TAMS 0x0000000088b00000, 0x0000000088b00000| Untracked 
| 140|0x0000000088c00000, 0x0000000088c00000, 0x0000000088d00000|  0%| F|  |TAMS 0x0000000088c00000, 0x0000000088c00000| Untracked 
| 141|0x0000000088d00000, 0x0000000088d00000, 0x0000000088e00000|  0%| F|  |TAMS 0x0000000088d00000, 0x0000000088d00000| Untracked 
| 142|0x0000000088e00000, 0x0000000088e00000, 0x0000000088f00000|  0%| F|  |TAMS 0x0000000088e00000, 0x0000000088e00000| Untracked 
| 143|0x0000000088f00000, 0x0000000088f00000, 0x0000000089000000|  0%| F|  |TAMS 0x0000000088f00000, 0x0000000088f00000| Untracked 
| 144|0x0000000089000000, 0x0000000089000000, 0x0000000089100000|  0%| F|  |TAMS 0x0000000089000000, 0x0000000089000000| Untracked 
| 145|0x0000000089100000, 0x0000000089100000, 0x0000000089200000|  0%| F|  |TAMS 0x0000000089100000, 0x0000000089100000| Untracked 
| 146|0x0000000089200000, 0x0000000089200000, 0x0000000089300000|  0%| F|  |TAMS 0x0000000089200000, 0x0000000089200000| Untracked 
| 147|0x0000000089300000, 0x0000000089300000, 0x0000000089400000|  0%| F|  |TAMS 0x0000000089300000, 0x0000000089300000| Untracked 
| 148|0x0000000089400000, 0x0000000089400000, 0x0000000089500000|  0%| F|  |TAMS 0x0000000089400000, 0x0000000089400000| Untracked 
| 149|0x0000000089500000, 0x0000000089500000, 0x0000000089600000|  0%| F|  |TAMS 0x0000000089500000, 0x0000000089500000| Untracked 
| 150|0x0000000089600000, 0x0000000089600000, 0x0000000089700000|  0%| F|  |TAMS 0x0000000089600000, 0x0000000089600000| Untracked 
| 151|0x0000000089700000, 0x0000000089700000, 0x0000000089800000|  0%| F|  |TAMS 0x0000000089700000, 0x0000000089700000| Untracked 
| 152|0x0000000089800000, 0x0000000089800000, 0x0000000089900000|  0%| F|  |TAMS 0x0000000089800000, 0x0000000089800000| Untracked 
| 153|0x0000000089900000, 0x0000000089900000, 0x0000000089a00000|  0%| F|  |TAMS 0x0000000089900000, 0x0000000089900000| Untracked 
| 154|0x0000000089a00000, 0x0000000089a00000, 0x0000000089b00000|  0%| F|  |TAMS 0x0000000089a00000, 0x0000000089a00000| Untracked 
| 155|0x0000000089b00000, 0x0000000089b00000, 0x0000000089c00000|  0%| F|  |TAMS 0x0000000089b00000, 0x0000000089b00000| Untracked 
| 156|0x0000000089c00000, 0x0000000089c00000, 0x0000000089d00000|  0%| F|  |TAMS 0x0000000089c00000, 0x0000000089c00000| Untracked 
| 157|0x0000000089d00000, 0x0000000089d00000, 0x0000000089e00000|  0%| F|  |TAMS 0x0000000089d00000, 0x0000000089d00000| Untracked 
| 158|0x0000000089e00000, 0x0000000089e00000, 0x0000000089f00000|  0%| F|  |TAMS 0x0000000089e00000, 0x0000000089e00000| Untracked 
| 159|0x0000000089f00000, 0x0000000089f00000, 0x000000008a000000|  0%| F|  |TAMS 0x0000000089f00000, 0x0000000089f00000| Untracked 
| 160|0x000000008a000000, 0x000000008a000000, 0x000000008a100000|  0%| F|  |TAMS 0x000000008a000000, 0x000000008a000000| Untracked 
| 161|0x000000008a100000, 0x000000008a100000, 0x000000008a200000|  0%| F|  |TAMS 0x000000008a100000, 0x000000008a100000| Untracked 
| 162|0x000000008a200000, 0x000000008a200000, 0x000000008a300000|  0%| F|  |TAMS 0x000000008a200000, 0x000000008a200000| Untracked 
| 163|0x000000008a300000, 0x000000008a300000, 0x000000008a400000|  0%| F|  |TAMS 0x000000008a300000, 0x000000008a300000| Untracked 
| 164|0x000000008a400000, 0x000000008a400000, 0x000000008a500000|  0%| F|  |TAMS 0x000000008a400000, 0x000000008a400000| Untracked 
| 165|0x000000008a500000, 0x000000008a500000, 0x000000008a600000|  0%| F|  |TAMS 0x000000008a500000, 0x000000008a500000| Untracked 
| 166|0x000000008a600000, 0x000000008a600000, 0x000000008a700000|  0%| F|  |TAMS 0x000000008a600000, 0x000000008a600000| Untracked 
| 167|0x000000008a700000, 0x000000008a700000, 0x000000008a800000|  0%| F|  |TAMS 0x000000008a700000, 0x000000008a700000| Untracked 
| 168|0x000000008a800000, 0x000000008a800000, 0x000000008a900000|  0%| F|  |TAMS 0x000000008a800000, 0x000000008a800000| Untracked 
| 169|0x000000008a900000, 0x000000008aa00000, 0x000000008aa00000|100%| E|  |TAMS 0x000000008a900000, 0x000000008a900000| Complete 
| 170|0x000000008aa00000, 0x000000008ab00000, 0x000000008ab00000|100%| E|CS|TAMS 0x000000008aa00000, 0x000000008aa00000| Complete 
| 171|0x000000008ab00000, 0x000000008ac00000, 0x000000008ac00000|100%| E|CS|TAMS 0x000000008ab00000, 0x000000008ab00000| Complete 
| 172|0x000000008ac00000, 0x000000008ad00000, 0x000000008ad00000|100%| E|CS|TAMS 0x000000008ac00000, 0x000000008ac00000| Complete 
| 173|0x000000008ad00000, 0x000000008ae00000, 0x000000008ae00000|100%| E|CS|TAMS 0x000000008ad00000, 0x000000008ad00000| Complete 
| 174|0x000000008ae00000, 0x000000008af00000, 0x000000008af00000|100%| E|CS|TAMS 0x000000008ae00000, 0x000000008ae00000| Complete 
| 175|0x000000008af00000, 0x000000008b000000, 0x000000008b000000|100%| E|CS|TAMS 0x000000008af00000, 0x000000008af00000| Complete 
| 176|0x000000008b000000, 0x000000008b100000, 0x000000008b100000|100%| E|CS|TAMS 0x000000008b000000, 0x000000008b000000| Complete 
| 177|0x000000008b100000, 0x000000008b16b2c8, 0x000000008b200000| 41%| S|CS|TAMS 0x000000008b100000, 0x000000008b100000| Complete 
| 178|0x000000008b200000, 0x000000008b300000, 0x000000008b300000|100%| S|CS|TAMS 0x000000008b200000, 0x000000008b200000| Complete 
| 179|0x000000008b300000, 0x000000008b400000, 0x000000008b400000|100%| S|CS|TAMS 0x000000008b300000, 0x000000008b300000| Complete 
| 180|0x000000008b400000, 0x000000008b500000, 0x000000008b500000|100%| S|CS|TAMS 0x000000008b400000, 0x000000008b400000| Complete 
| 181|0x000000008b500000, 0x000000008b600000, 0x000000008b600000|100%| S|CS|TAMS 0x000000008b500000, 0x000000008b500000| Complete 
| 182|0x000000008b600000, 0x000000008b700000, 0x000000008b700000|100%| S|CS|TAMS 0x000000008b600000, 0x000000008b600000| Complete 
| 183|0x000000008b700000, 0x000000008b800000, 0x000000008b800000|100%| S|CS|TAMS 0x000000008b700000, 0x000000008b700000| Complete 
| 184|0x000000008b800000, 0x000000008b900000, 0x000000008b900000|100%| E|CS|TAMS 0x000000008b800000, 0x000000008b800000| Complete 
| 185|0x000000008b900000, 0x000000008ba00000, 0x000000008ba00000|100%| E|CS|TAMS 0x000000008b900000, 0x000000008b900000| Complete 
| 186|0x000000008ba00000, 0x000000008bb00000, 0x000000008bb00000|100%| E|CS|TAMS 0x000000008ba00000, 0x000000008ba00000| Complete 
| 187|0x000000008bb00000, 0x000000008bc00000, 0x000000008bc00000|100%| E|CS|TAMS 0x000000008bb00000, 0x000000008bb00000| Complete 
| 188|0x000000008bc00000, 0x000000008bd00000, 0x000000008bd00000|100%| E|CS|TAMS 0x000000008bc00000, 0x000000008bc00000| Complete 
| 189|0x000000008bd00000, 0x000000008be00000, 0x000000008be00000|100%| E|CS|TAMS 0x000000008bd00000, 0x000000008bd00000| Complete 
| 190|0x000000008be00000, 0x000000008bf00000, 0x000000008bf00000|100%| E|CS|TAMS 0x000000008be00000, 0x000000008be00000| Complete 
| 191|0x000000008bf00000, 0x000000008c000000, 0x000000008c000000|100%| E|CS|TAMS 0x000000008bf00000, 0x000000008bf00000| Complete 
| 192|0x000000008c000000, 0x000000008c100000, 0x000000008c100000|100%| E|CS|TAMS 0x000000008c000000, 0x000000008c000000| Complete 
| 193|0x000000008c100000, 0x000000008c200000, 0x000000008c200000|100%| E|CS|TAMS 0x000000008c100000, 0x000000008c100000| Complete 
| 194|0x000000008c200000, 0x000000008c300000, 0x000000008c300000|100%| E|CS|TAMS 0x000000008c200000, 0x000000008c200000| Complete 
| 195|0x000000008c300000, 0x000000008c400000, 0x000000008c400000|100%| E|CS|TAMS 0x000000008c300000, 0x000000008c300000| Complete 
| 196|0x000000008c400000, 0x000000008c500000, 0x000000008c500000|100%| E|CS|TAMS 0x000000008c400000, 0x000000008c400000| Complete 
| 197|0x000000008c500000, 0x000000008c600000, 0x000000008c600000|100%| E|CS|TAMS 0x000000008c500000, 0x000000008c500000| Complete 
| 198|0x000000008c600000, 0x000000008c700000, 0x000000008c700000|100%| E|CS|TAMS 0x000000008c600000, 0x000000008c600000| Complete 
| 199|0x000000008c700000, 0x000000008c800000, 0x000000008c800000|100%| E|CS|TAMS 0x000000008c700000, 0x000000008c700000| Complete 
| 200|0x000000008c800000, 0x000000008c900000, 0x000000008c900000|100%| E|CS|TAMS 0x000000008c800000, 0x000000008c800000| Complete 
| 201|0x000000008c900000, 0x000000008ca00000, 0x000000008ca00000|100%| E|CS|TAMS 0x000000008c900000, 0x000000008c900000| Complete 
| 202|0x000000008ca00000, 0x000000008cb00000, 0x000000008cb00000|100%| E|CS|TAMS 0x000000008ca00000, 0x000000008ca00000| Complete 
| 203|0x000000008cb00000, 0x000000008cc00000, 0x000000008cc00000|100%| E|CS|TAMS 0x000000008cb00000, 0x000000008cb00000| Complete 
| 204|0x000000008cc00000, 0x000000008cd00000, 0x000000008cd00000|100%| E|CS|TAMS 0x000000008cc00000, 0x000000008cc00000| Complete 
| 205|0x000000008cd00000, 0x000000008ce00000, 0x000000008ce00000|100%| E|CS|TAMS 0x000000008cd00000, 0x000000008cd00000| Complete 
| 206|0x000000008ce00000, 0x000000008cf00000, 0x000000008cf00000|100%| E|CS|TAMS 0x000000008ce00000, 0x000000008ce00000| Complete 
| 207|0x000000008cf00000, 0x000000008d000000, 0x000000008d000000|100%| E|CS|TAMS 0x000000008cf00000, 0x000000008cf00000| Complete 
| 208|0x000000008d000000, 0x000000008d100000, 0x000000008d100000|100%| E|CS|TAMS 0x000000008d000000, 0x000000008d000000| Complete 
| 209|0x000000008d100000, 0x000000008d200000, 0x000000008d200000|100%| E|CS|TAMS 0x000000008d100000, 0x000000008d100000| Complete 
| 210|0x000000008d200000, 0x000000008d300000, 0x000000008d300000|100%| E|CS|TAMS 0x000000008d200000, 0x000000008d200000| Complete 
| 211|0x000000008d300000, 0x000000008d400000, 0x000000008d400000|100%| E|CS|TAMS 0x000000008d300000, 0x000000008d300000| Complete 
| 212|0x000000008d400000, 0x000000008d500000, 0x000000008d500000|100%| E|CS|TAMS 0x000000008d400000, 0x000000008d400000| Complete 
| 213|0x000000008d500000, 0x000000008d600000, 0x000000008d600000|100%| E|CS|TAMS 0x000000008d500000, 0x000000008d500000| Complete 
| 214|0x000000008d600000, 0x000000008d700000, 0x000000008d700000|100%| E|CS|TAMS 0x000000008d600000, 0x000000008d600000| Complete 
| 215|0x000000008d700000, 0x000000008d800000, 0x000000008d800000|100%| E|CS|TAMS 0x000000008d700000, 0x000000008d700000| Complete 
| 216|0x000000008d800000, 0x000000008d900000, 0x000000008d900000|100%| E|CS|TAMS 0x000000008d800000, 0x000000008d800000| Complete 
| 217|0x000000008d900000, 0x000000008da00000, 0x000000008da00000|100%| E|CS|TAMS 0x000000008d900000, 0x000000008d900000| Complete 
| 218|0x000000008da00000, 0x000000008db00000, 0x000000008db00000|100%| E|CS|TAMS 0x000000008da00000, 0x000000008da00000| Complete 
| 219|0x000000008db00000, 0x000000008dc00000, 0x000000008dc00000|100%| E|CS|TAMS 0x000000008db00000, 0x000000008db00000| Complete 
| 220|0x000000008dc00000, 0x000000008dd00000, 0x000000008dd00000|100%| E|CS|TAMS 0x000000008dc00000, 0x000000008dc00000| Complete 
| 221|0x000000008dd00000, 0x000000008de00000, 0x000000008de00000|100%| E|CS|TAMS 0x000000008dd00000, 0x000000008dd00000| Complete 
| 222|0x000000008de00000, 0x000000008df00000, 0x000000008df00000|100%| E|CS|TAMS 0x000000008de00000, 0x000000008de00000| Complete 
| 223|0x000000008df00000, 0x000000008e000000, 0x000000008e000000|100%| E|CS|TAMS 0x000000008df00000, 0x000000008df00000| Complete 
| 224|0x000000008e000000, 0x000000008e100000, 0x000000008e100000|100%| E|CS|TAMS 0x000000008e000000, 0x000000008e000000| Complete 
| 225|0x000000008e100000, 0x000000008e200000, 0x000000008e200000|100%| E|CS|TAMS 0x000000008e100000, 0x000000008e100000| Complete 
| 226|0x000000008e200000, 0x000000008e300000, 0x000000008e300000|100%| E|CS|TAMS 0x000000008e200000, 0x000000008e200000| Complete 
| 227|0x000000008e300000, 0x000000008e400000, 0x000000008e400000|100%| E|CS|TAMS 0x000000008e300000, 0x000000008e300000| Complete 
| 228|0x000000008e400000, 0x000000008e500000, 0x000000008e500000|100%| E|CS|TAMS 0x000000008e400000, 0x000000008e400000| Complete 
| 229|0x000000008e500000, 0x000000008e600000, 0x000000008e600000|100%| E|CS|TAMS 0x000000008e500000, 0x000000008e500000| Complete 
| 230|0x000000008e600000, 0x000000008e700000, 0x000000008e700000|100%| E|CS|TAMS 0x000000008e600000, 0x000000008e600000| Complete 
| 231|0x000000008e700000, 0x000000008e800000, 0x000000008e800000|100%| E|CS|TAMS 0x000000008e700000, 0x000000008e700000| Complete 
| 232|0x000000008e800000, 0x000000008e900000, 0x000000008e900000|100%| E|CS|TAMS 0x000000008e800000, 0x000000008e800000| Complete 
| 233|0x000000008e900000, 0x000000008ea00000, 0x000000008ea00000|100%| E|CS|TAMS 0x000000008e900000, 0x000000008e900000| Complete 
| 234|0x000000008ea00000, 0x000000008eb00000, 0x000000008eb00000|100%| E|CS|TAMS 0x000000008ea00000, 0x000000008ea00000| Complete 
| 235|0x000000008eb00000, 0x000000008ec00000, 0x000000008ec00000|100%| E|CS|TAMS 0x000000008eb00000, 0x000000008eb00000| Complete 
| 236|0x000000008ec00000, 0x000000008ed00000, 0x000000008ed00000|100%| E|CS|TAMS 0x000000008ec00000, 0x000000008ec00000| Complete 
| 237|0x000000008ed00000, 0x000000008ee00000, 0x000000008ee00000|100%| E|CS|TAMS 0x000000008ed00000, 0x000000008ed00000| Complete 
| 238|0x000000008ee00000, 0x000000008ef00000, 0x000000008ef00000|100%| E|CS|TAMS 0x000000008ee00000, 0x000000008ee00000| Complete 
| 239|0x000000008ef00000, 0x000000008f000000, 0x000000008f000000|100%| E|CS|TAMS 0x000000008ef00000, 0x000000008ef00000| Complete 
| 240|0x000000008f000000, 0x000000008f100000, 0x000000008f100000|100%| E|CS|TAMS 0x000000008f000000, 0x000000008f000000| Complete 
| 241|0x000000008f100000, 0x000000008f200000, 0x000000008f200000|100%| E|CS|TAMS 0x000000008f100000, 0x000000008f100000| Complete 
| 242|0x000000008f200000, 0x000000008f300000, 0x000000008f300000|100%| E|CS|TAMS 0x000000008f200000, 0x000000008f200000| Complete 
| 243|0x000000008f300000, 0x000000008f400000, 0x000000008f400000|100%| E|CS|TAMS 0x000000008f300000, 0x000000008f300000| Complete 
| 244|0x000000008f400000, 0x000000008f500000, 0x000000008f500000|100%| E|CS|TAMS 0x000000008f400000, 0x000000008f400000| Complete 
| 245|0x000000008f500000, 0x000000008f600000, 0x000000008f600000|100%| E|CS|TAMS 0x000000008f500000, 0x000000008f500000| Complete 
| 246|0x000000008f600000, 0x000000008f700000, 0x000000008f700000|100%| E|CS|TAMS 0x000000008f600000, 0x000000008f600000| Complete 
| 247|0x000000008f700000, 0x000000008f800000, 0x000000008f800000|100%| E|CS|TAMS 0x000000008f700000, 0x000000008f700000| Complete 
| 248|0x000000008f800000, 0x000000008f900000, 0x000000008f900000|100%| E|CS|TAMS 0x000000008f800000, 0x000000008f800000| Complete 
| 249|0x000000008f900000, 0x000000008fa00000, 0x000000008fa00000|100%| E|CS|TAMS 0x000000008f900000, 0x000000008f900000| Complete 
| 250|0x000000008fa00000, 0x000000008fb00000, 0x000000008fb00000|100%| E|CS|TAMS 0x000000008fa00000, 0x000000008fa00000| Complete 
| 251|0x000000008fb00000, 0x000000008fc00000, 0x000000008fc00000|100%| E|CS|TAMS 0x000000008fb00000, 0x000000008fb00000| Complete 
| 252|0x000000008fc00000, 0x000000008fd00000, 0x000000008fd00000|100%| E|CS|TAMS 0x000000008fc00000, 0x000000008fc00000| Complete 
| 253|0x000000008fd00000, 0x000000008fe00000, 0x000000008fe00000|100%| E|  |TAMS 0x000000008fd00000, 0x000000008fd00000| Complete 
| 254|0x000000008fe00000, 0x000000008ff00000, 0x000000008ff00000|100%| E|CS|TAMS 0x000000008fe00000, 0x000000008fe00000| Complete 
| 255|0x000000008ff00000, 0x0000000090000000, 0x0000000090000000|100%| E|CS|TAMS 0x000000008ff00000, 0x000000008ff00000| Complete 

Card table byte_map: [0x000001cf76670000,0x000001cf76a70000] _byte_map_base: 0x000001cf76270000

Marking Bits (Prev, Next): (CMBitMap*) 0x000001cf63150288, (CMBitMap*) 0x000001cf631502c0
 Prev Bits: [0x000001cf76e70000, 0x000001cf78e70000)
 Next Bits: [0x000001cf78e70000, 0x000001cf7ae70000)

Polling page: 0x000001cf61050000

Metaspace:

Usage:
  Non-class:     35.86 MB capacity,    35.22 MB ( 98%) used,   580.91 KB (  2%) free+waste,    71.75 KB ( <1%) overhead. 
      Class:      5.50 MB capacity,     5.18 MB ( 94%) used,   293.66 KB (  5%) free+waste,    33.56 KB ( <1%) overhead. 
       Both:     41.36 MB capacity,    40.40 MB ( 98%) used,   874.57 KB (  2%) free+waste,   105.31 KB ( <1%) overhead. 

Virtual space:
  Non-class space:       36.00 MB reserved,      35.92 MB (>99%) committed 
      Class space:        1.00 GB reserved,       5.63 MB ( <1%) committed 
             Both:        1.04 GB reserved,      41.55 MB (  4%) committed 

Chunk freelists:
   Non-Class:  1.00 KB
       Class:  29.00 KB
        Both:  30.00 KB

MaxMetaspaceSize: 17179869184.00 GB
CompressedClassSpaceSize: 1.00 GB

CodeHeap 'non-profiled nmethods': size=120000Kb used=1660Kb max_used=1660Kb free=118339Kb
 bounds [0x000001cf6e7f0000, 0x000001cf6ea60000, 0x000001cf75d20000]
CodeHeap 'profiled nmethods': size=120000Kb used=6327Kb max_used=6327Kb free=113672Kb
 bounds [0x000001cf672c0000, 0x000001cf67900000, 0x000001cf6e7f0000]
CodeHeap 'non-nmethods': size=5760Kb used=2197Kb max_used=2237Kb free=3562Kb
 bounds [0x000001cf66d20000, 0x000001cf66f90000, 0x000001cf672c0000]
 total_blobs=3764 nmethods=3009 adapters=666
 compilation: enabled
              stopped_count=0, restarted_count=0
 full_count=0

Compilation events (20 events):
Event: 3.707 Thread 0x000001cf7e39d800 3155       1       com.google.common.cache.LocalCache$StrongEntry::getValueReference (5 bytes)
Event: 3.707 Thread 0x000001cf7e39d800 nmethod 3155 0x000001cf6e97d010 code [0x000001cf6e97d1c0, 0x000001cf6e97d278]
Event: 3.712 Thread 0x000001cf7e39d800 3156       3       java.io.WinNTFileSystem::resolve (275 bytes)
Event: 3.715 Thread 0x000001cf7e39d800 nmethod 3156 0x000001cf678da610 code [0x000001cf678dab60, 0x000001cf678dda78]
Event: 3.718 Thread 0x000001cf7e39d800 3157       3       com.google.common.base.Objects::hashCode (5 bytes)
Event: 3.718 Thread 0x000001cf7e39d800 nmethod 3157 0x000001cf678ded10 code [0x000001cf678deec0, 0x000001cf678defc8]
Event: 3.718 Thread 0x000001cf7e39d800 3158       3       com.esotericsoftware.kryo.io.Input::readUtf8Length (139 bytes)
Event: 3.718 Thread 0x000001cf7e39d800 nmethod 3158 0x000001cf678df090 code [0x000001cf678df260, 0x000001cf678df578]
Event: 3.718 Thread 0x000001cf7e39d800 3159       3       com.google.common.collect.ImmutableList::asImmutableList (18 bytes)
Event: 3.718 Thread 0x000001cf7e39d800 nmethod 3159 0x000001cf678df690 code [0x000001cf678df880, 0x000001cf678dfcb8]
Event: 3.722 Thread 0x000001cf7e39d800 3160       3       com.google.common.collect.RegularImmutableMap$EntrySet$1::size (8 bytes)
Event: 3.722 Thread 0x000001cf7e39d800 nmethod 3160 0x000001cf678dfe90 code [0x000001cf678e0040, 0x000001cf678e0158]
Event: 3.722 Thread 0x000001cf7e39d800 3161       3       com.esotericsoftware.kryo.io.Input::readString (127 bytes)
Event: 3.723 Thread 0x000001cf7e39d800 nmethod 3161 0x000001cf678e0210 code [0x000001cf678e0460, 0x000001cf678e0b28]
Event: 3.730 Thread 0x000001cf7e39d800 3162       3       java.util.ArrayList::toArray (12 bytes)
Event: 3.730 Thread 0x000001cf7e39d800 nmethod 3162 0x000001cf678e0e10 code [0x000001cf678e0fe0, 0x000001cf678e11a8]
Event: 3.730 Thread 0x000001cf7e39d800 3163   !   3       org.gradle.internal.serialize.kryo.KryoBackedDecoder::readSmallInt (16 bytes)
Event: 3.730 Thread 0x000001cf7e39d800 nmethod 3163 0x000001cf678e1290 code [0x000001cf678e14c0, 0x000001cf678e1ae8]
Event: 3.730 Thread 0x000001cf7e39d800 3164       3       com.esotericsoftware.kryo.io.Input::readInt (6 bytes)
Event: 3.730 Thread 0x000001cf7e39d800 nmethod 3164 0x000001cf678e1d90 code [0x000001cf678e1f40, 0x000001cf678e2088]

GC Heap History (8 events):
Event: 0.635 GC heap before
{Heap before GC invocations=0 (full 0):
 garbage-first heap   total 262144K, used 29696K [0x0000000080000000, 0x0000000100000000)
  region size 1024K, 24 young (24576K), 0 survivors (0K)
 Metaspace       used 10752K, capacity 11000K, committed 11264K, reserved 1058816K
  class space    used 1138K, capacity 1200K, committed 1280K, reserved 1048576K
}
Event: 0.638 GC heap after
{Heap after GC invocations=1 (full 0):
 garbage-first heap   total 262144K, used 8632K [0x0000000080000000, 0x0000000100000000)
  region size 1024K, 3 young (3072K), 3 survivors (3072K)
 Metaspace       used 10752K, capacity 11000K, committed 11264K, reserved 1058816K
  class space    used 1138K, capacity 1200K, committed 1280K, reserved 1048576K
}
Event: 1.882 GC heap before
{Heap before GC invocations=1 (full 0):
 garbage-first heap   total 262144K, used 89528K [0x0000000080000000, 0x0000000100000000)
  region size 1024K, 84 young (86016K), 3 survivors (3072K)
 Metaspace       used 20675K, capacity 21168K, committed 21296K, reserved 1069056K
  class space    used 2484K, capacity 2636K, committed 2688K, reserved 1048576K
}
Event: 1.888 GC heap after
{Heap after GC invocations=2 (full 0):
 garbage-first heap   total 262144K, used 16039K [0x0000000080000000, 0x0000000100000000)
  region size 1024K, 11 young (11264K), 11 survivors (11264K)
 Metaspace       used 20675K, capacity 21168K, committed 21296K, reserved 1069056K
  class space    used 2484K, capacity 2636K, committed 2688K, reserved 1048576K
}
Event: 2.101 GC heap before
{Heap before GC invocations=3 (full 0):
 garbage-first heap   total 262144K, used 37543K [0x0000000080000000, 0x0000000100000000)
  region size 1024K, 32 young (32768K), 11 survivors (11264K)
 Metaspace       used 23584K, capacity 24147K, committed 24368K, reserved 1071104K
  class space    used 2942K, capacity 3123K, committed 3200K, reserved 1048576K
}
Event: 2.106 GC heap after
{Heap after GC invocations=4 (full 0):
 garbage-first heap   total 262144K, used 16567K [0x0000000080000000, 0x0000000100000000)
  region size 1024K, 2 young (2048K), 2 survivors (2048K)
 Metaspace       used 23584K, capacity 24147K, committed 24368K, reserved 1071104K
  class space    used 2942K, capacity 3123K, committed 3200K, reserved 1048576K
}
Event: 2.895 GC heap before
{Heap before GC invocations=4 (full 0):
 garbage-first heap   total 262144K, used 98487K [0x0000000080000000, 0x0000000100000000)
  region size 1024K, 72 young (73728K), 2 survivors (2048K)
 Metaspace       used 35051K, capacity 35756K, committed 35888K, reserved 1081344K
  class space    used 4395K, capacity 4658K, committed 4736K, reserved 1048576K
}
Event: 2.902 GC heap after
{Heap after GC invocations=5 (full 0):
 garbage-first heap   total 262144K, used 33304K [0x0000000080000000, 0x0000000100000000)
  region size 1024K, 7 young (7168K), 7 survivors (7168K)
 Metaspace       used 35051K, capacity 35756K, committed 35888K, reserved 1081344K
  class space    used 4395K, capacity 4658K, committed 4736K, reserved 1048576K
}

Deoptimization events (20 events):
Event: 3.388 Thread 0x000001cf7f294800 DEOPT PACKING pc=0x000001cf6e94dee4 sp=0x000000ac186f6b00
Event: 3.388 Thread 0x000001cf7f294800 DEOPT UNPACKING pc=0x000001cf66d474af sp=0x000000ac186f6a40 mode 2
Event: 3.403 Thread 0x000001cf7f294800 Uncommon trap: trap_request=0xffffff6e fr.pc=0x000001cf6e94dee4 relative=0x00000000000007a4
Event: 3.403 Thread 0x000001cf7f294800 Uncommon trap: reason=speculate_class_check action=maybe_recompile pc=0x000001cf6e94dee4 method=java.lang.reflect.Executable.declaredAnnotations()Ljava/util/Map; @ 23 c2
Event: 3.403 Thread 0x000001cf7f294800 DEOPT PACKING pc=0x000001cf6e94dee4 sp=0x000000ac186f6ba0
Event: 3.403 Thread 0x000001cf7f294800 DEOPT UNPACKING pc=0x000001cf66d474af sp=0x000000ac186f6ae0 mode 2
Event: 3.403 Thread 0x000001cf7f294800 Uncommon trap: trap_request=0xffffff6e fr.pc=0x000001cf6e94dee4 relative=0x00000000000007a4
Event: 3.404 Thread 0x000001cf7f294800 Uncommon trap: reason=speculate_class_check action=maybe_recompile pc=0x000001cf6e94dee4 method=java.lang.reflect.Executable.declaredAnnotations()Ljava/util/Map; @ 23 c2
Event: 3.404 Thread 0x000001cf7f294800 DEOPT PACKING pc=0x000001cf6e94dee4 sp=0x000000ac186f6ba0
Event: 3.404 Thread 0x000001cf7f294800 DEOPT UNPACKING pc=0x000001cf66d474af sp=0x000000ac186f6ae0 mode 2
Event: 3.448 Thread 0x000001cf7f294800 Uncommon trap: trap_request=0xffffff6e fr.pc=0x000001cf6e94dee4 relative=0x00000000000007a4
Event: 3.448 Thread 0x000001cf7f294800 Uncommon trap: reason=speculate_class_check action=maybe_recompile pc=0x000001cf6e94dee4 method=java.lang.reflect.Executable.declaredAnnotations()Ljava/util/Map; @ 23 c2
Event: 3.448 Thread 0x000001cf7f294800 DEOPT PACKING pc=0x000001cf6e94dee4 sp=0x000000ac186f89c0
Event: 3.448 Thread 0x000001cf7f294800 DEOPT UNPACKING pc=0x000001cf66d474af sp=0x000000ac186f8900 mode 2
Event: 3.532 Thread 0x000001cf7f294800 Uncommon trap: trap_request=0xffffff4d fr.pc=0x000001cf6e8527d4 relative=0x0000000000000214
Event: 3.532 Thread 0x000001cf7f294800 Uncommon trap: reason=unstable_if action=reinterpret pc=0x000001cf6e8527d4 method=java.net.URI$Parser.scan(IILjava/lang/String;)I @ 26 c2
Event: 3.532 Thread 0x000001cf7f294800 DEOPT PACKING pc=0x000001cf6e8527d4 sp=0x000000ac186fa050
Event: 3.532 Thread 0x000001cf7f294800 DEOPT UNPACKING pc=0x000001cf66d474af sp=0x000000ac186f9fe0 mode 2
Event: 3.689 Thread 0x000001cf7f294800 DEOPT PACKING pc=0x000001cf6767b74d sp=0x000000ac186f8d30
Event: 3.689 Thread 0x000001cf7f294800 DEOPT UNPACKING pc=0x000001cf66d472ce sp=0x000000ac186f8250 mode 0

Classes redefined (0 events):
No events

Internal exceptions (20 events):
Event: 3.420 Thread 0x000001cf7f294800 Exception <a 'java/lang/ClassNotFoundException'{0x000000008d318800}: org/gradle/api/internal/artifacts/repositories/AbstractAuthenticationSupportedRepositoryCustomizer> (0x000000008d318800) thrown at [./src/hotspot/share/classfile/systemDictionary.cpp, line 231]
Event: 3.421 Thread 0x000001cf7f294800 Exception <a 'java/lang/ClassNotFoundException'{0x000000008d35d160}: org/gradle/api/internal/artifacts/repositories/DefaultMavenArtifactRepositoryCustomizer> (0x000000008d35d160) thrown at [./src/hotspot/share/classfile/systemDictionary.cpp, line 231]
Event: 3.424 Thread 0x000001cf7f294800 Exception <a 'java/lang/ClassNotFoundException'{0x000000008d3a7430}: org/gradle/api/internal/artifacts/repositories/DefaultMavenArtifactRepository_DecoratedCustomizer> (0x000000008d3a7430) thrown at [./src/hotspot/share/classfile/systemDictionary.cpp, line 231]
Event: 3.498 Thread 0x000001cf7f294800 Exception <a 'java/lang/ClassNotFoundException'{0x000000008cc7b968}: org/gradle/api/internal/artifacts/dsl/dependencies/DefaultDependencyHandler_DecoratedBeanInfo> (0x000000008cc7b968) thrown at [./src/hotspot/share/classfile/systemDictionary.cpp, line 231]
Event: 3.499 Thread 0x000001cf7f294800 Exception <a 'java/lang/ClassNotFoundException'{0x000000008ccae3e8}: org/gradle/api/internal/artifacts/dsl/dependencies/DefaultDependencyHandlerBeanInfo> (0x000000008ccae3e8) thrown at [./src/hotspot/share/classfile/systemDictionary.cpp, line 231]
Event: 3.500 Thread 0x000001cf7f294800 Exception <a 'java/lang/ClassNotFoundException'{0x000000008cce0170}: org/gradle/api/internal/artifacts/dsl/dependencies/DefaultDependencyHandlerCustomizer> (0x000000008cce0170) thrown at [./src/hotspot/share/classfile/systemDictionary.cpp, line 231]
Event: 3.502 Thread 0x000001cf7f294800 Exception <a 'java/lang/ClassNotFoundException'{0x000000008cb31090}: org/gradle/api/internal/artifacts/dsl/dependencies/DefaultDependencyHandler_DecoratedCustomizer> (0x000000008cb31090) thrown at [./src/hotspot/share/classfile/systemDictionary.cpp, line 231]
Event: 3.518 Thread 0x000001cf7f294800 Exception <a 'java/lang/ClassNotFoundException'{0x000000008cabf6f8}: groovy/lang/GString$1BeanInfo> (0x000000008cabf6f8) thrown at [./src/hotspot/share/classfile/systemDictionary.cpp, line 231]
Event: 3.519 Thread 0x000001cf7f294800 Exception <a 'java/lang/ClassNotFoundException'{0x000000008cad99c0}: groovy/lang/GStringBeanInfo> (0x000000008cad99c0) thrown at [./src/hotspot/share/classfile/systemDictionary.cpp, line 231]
Event: 3.520 Thread 0x000001cf7f294800 Exception <a 'java/lang/ClassNotFoundException'{0x000000008caf3c80}: groovy/lang/GStringCustomizer> (0x000000008caf3c80) thrown at [./src/hotspot/share/classfile/systemDictionary.cpp, line 231]
Event: 3.521 Thread 0x000001cf7f294800 Exception <a 'java/lang/ClassNotFoundException'{0x000000008c918408}: groovy/lang/GString$1Customizer> (0x000000008c918408) thrown at [./src/hotspot/share/classfile/systemDictionary.cpp, line 231]
Event: 3.524 Thread 0x000001cf7f294800 Exception <a 'java/lang/ClassNotFoundException'{0x000000008c9af670}: org/codehaus/groovy/runtime/GStringImplBeanInfo> (0x000000008c9af670) thrown at [./src/hotspot/share/classfile/systemDictionary.cpp, line 231]
Event: 3.525 Thread 0x000001cf7f294800 Exception <a 'java/lang/ClassNotFoundException'{0x000000008c9ccc00}: org/codehaus/groovy/runtime/GStringImplCustomizer> (0x000000008c9ccc00) thrown at [./src/hotspot/share/classfile/systemDictionary.cpp, line 231]
Event: 3.576 Thread 0x000001cf7f294800 Exception <a 'java/lang/NoSuchMethodError'{0x000000008c257c78}: 'void java.lang.invoke.DirectMethodHandle$Holder.invokeSpecial(java.lang.Object, java.lang.Object)'> (0x000000008c257c78) thrown at [./src/hotspot/share/interpreter/linkResolver.cpp, line 773]
Event: 3.666 Thread 0x000001cf7f294800 Exception <a 'java/lang/NoSuchMethodError'{0x000000008b9f6060}: 'int java.lang.invoke.DirectMethodHandle$Holder.invokeInterface(java.lang.Object, java.lang.Object)'> (0x000000008b9f6060) thrown at [./src/hotspot/share/interpreter/linkResolver.cpp, line 773]
Event: 3.667 Thread 0x000001cf7f294800 Exception <a 'java/lang/IncompatibleClassChangeError'{0x000000008b9f9898}: Found class java.lang.Object, but interface was expected> (0x000000008b9f9898) thrown at [./src/hotspot/share/interpreter/linkResolver.cpp, line 839]
Event: 3.670 Thread 0x000001cf7f294800 Exception <a 'java/lang/NoSuchMethodError'{0x000000008b812a68}: 'int java.lang.invoke.DirectMethodHandle$Holder.invokeStatic(java.lang.Object, java.lang.Object, java.lang.Object, java.lang.Object, java.lang.Object)'> (0x000000008b812a68) thrown at [./src/hotspot/share/interpreter/linkResolver.cpp, line 773]
Event: 3.689 Thread 0x000001cf7f294800 Exception <a 'java/lang/NoSuchMethodError'{0x000000008af0ddf8}: 'java.lang.Object java.lang.invoke.DirectMethodHandle$Holder.invokeStatic(java.lang.Object, java.lang.Object, java.lang.Object, int)'> (0x000000008af0ddf8) thrown at [./src/hotspot/share/interpreter/linkResolver.cpp, line 773]
Event: 3.689 Thread 0x000001cf7f294800 Exception <a 'java/lang/NoSuchMethodError'{0x000000008af15320}: 'java.lang.Object java.lang.invoke.DirectMethodHandle$Holder.invokeSpecial(java.lang.Object, java.lang.Object, java.lang.Object, java.lang.Object, int)'> (0x000000008af15320) thrown at [./src/hotspot/share/interpreter/linkResolver.cpp, line 773]
Event: 3.690 Thread 0x000001cf7f294800 Exception <a 'java/lang/NoSuchMethodError'{0x000000008af19258}: 'java.lang.Object java.lang.invoke.Invokers$Holder.linkToTargetMethod(java.lang.Object, java.lang.Object, int, java.lang.Object)'> (0x000000008af19258) thrown at [./src/hotspot/share/interpreter/linkResolver.cpp, line 773]

Events (20 events):
Event: 3.738 loading class org/gradle/internal/component/external/model/DefaultConfigurationMetadata
Event: 3.738 loading class org/gradle/internal/component/external/model/DefaultConfigurationMetadata done
Event: 3.739 loading class org/gradle/internal/component/external/model/AbstractConfigurationMetadata
Event: 3.739 loading class org/gradle/internal/component/external/model/AbstractConfigurationMetadata done
Event: 3.739 loading class org/gradle/internal/component/model/ModuleConfigurationMetadata
Event: 3.739 loading class org/gradle/internal/component/model/ModuleConfigurationMetadata done
Event: 3.740 loading class org/gradle/internal/component/external/model/DefaultConfigurationMetadata$DependencyFilter
Event: 3.740 loading class org/gradle/internal/component/external/model/DefaultConfigurationMetadata$DependencyFilter done
Event: 3.740 loading class org/gradle/internal/component/external/model/maven/DefaultMavenModuleResolveMetadata$1
Event: 3.740 loading class org/gradle/internal/component/external/model/maven/DefaultMavenModuleResolveMetadata$1 done
Event: 3.741 loading class org/gradle/internal/component/external/model/DefaultShadowedCapability
Event: 3.741 loading class org/gradle/internal/component/external/model/DefaultShadowedCapability done
Event: 3.741 loading class org/gradle/internal/component/external/model/ShadowedCapability
Event: 3.741 loading class org/gradle/internal/component/external/model/ShadowedCapability done
Event: 3.742 loading class org/gradle/api/internal/artifacts/repositories/metadata/DefaultMavenImmutableAttributesFactory$ComponentTypeEntry
Event: 3.742 loading class org/gradle/api/internal/artifacts/repositories/metadata/DefaultMavenImmutableAttributesFactory$ComponentTypeEntry done
Event: 3.742 loading class org/gradle/internal/component/external/model/DefaultConfigurationMetadata$Builder
Event: 3.742 loading class org/gradle/internal/component/external/model/DefaultConfigurationMetadata$Builder done
Event: 3.742 loading class org/gradle/internal/component/external/model/DefaultConfigurationMetadata$2
Event: 3.742 loading class org/gradle/internal/component/external/model/DefaultConfigurationMetadata$2 done


Dynamic libraries:
0x00007ff614c80000 - 0x00007ff614c8a000 	C:\Program Files\JetBrains\IntelliJ IDEA Community Edition 2020.3.2\jbr\bin\java.exe
0x00007ffce2190000 - 0x00007ffce2385000 	C:\Windows\SYSTEM32\ntdll.dll
0x00007ffcb5350000 - 0x00007ffcb5363000 	C:\Program Files\Avast Software\Avast\aswhook.dll
0x00007ffce07a0000 - 0x00007ffce085d000 	C:\Windows\System32\KERNEL32.DLL
0x00007ffcdfc60000 - 0x00007ffcdff28000 	C:\Windows\System32\KERNELBASE.dll
0x00007ffcdf950000 - 0x00007ffcdfa50000 	C:\Windows\System32\ucrtbase.dll
0x00007ffcd6bf0000 - 0x00007ffcd6c09000 	C:\Program Files\JetBrains\IntelliJ IDEA Community Edition 2020.3.2\jbr\bin\jli.dll
0x00007ffcccb60000 - 0x00007ffcccb77000 	C:\Program Files\JetBrains\IntelliJ IDEA Community Edition 2020.3.2\jbr\bin\VCRUNTIME140.dll
0x00007ffce0e50000 - 0x00007ffce0ff0000 	C:\Windows\System32\USER32.dll
0x00007ffcdf8d0000 - 0x00007ffcdf8f2000 	C:\Windows\System32\win32u.dll
0x00007ffce1fc0000 - 0x00007ffce1fea000 	C:\Windows\System32\GDI32.dll
0x00007ffccc660000 - 0x00007ffccc8fa000 	C:\Windows\WinSxS\amd64_microsoft.windows.common-controls_6595b64144ccf1df_6.0.19041.844_none_ca00b6081b84eb1d\COMCTL32.dll
0x00007ffce0060000 - 0x00007ffce016b000 	C:\Windows\System32\gdi32full.dll
0x00007ffcdff60000 - 0x00007ffcdfffd000 	C:\Windows\System32\msvcp_win.dll
0x00007ffce1950000 - 0x00007ffce19ee000 	C:\Windows\System32\msvcrt.dll
0x00007ffce08c0000 - 0x00007ffce08f0000 	C:\Windows\System32\IMM32.DLL
0x00007ffcb9330000 - 0x00007ffcb93cd000 	C:\Program Files\JetBrains\IntelliJ IDEA Community Edition 2020.3.2\jbr\bin\msvcp140.dll
0x00007ffc6aea0000 - 0x00007ffc6b96e000 	C:\Program Files\JetBrains\IntelliJ IDEA Community Edition 2020.3.2\jbr\bin\server\jvm.dll
0x00007ffce20a0000 - 0x00007ffce214c000 	C:\Windows\System32\ADVAPI32.dll
0x00007ffce0550000 - 0x00007ffce05eb000 	C:\Windows\System32\sechost.dll
0x00007ffce1d70000 - 0x00007ffce1e9b000 	C:\Windows\System32\RPCRT4.dll
0x00007ffce1ae0000 - 0x00007ffce1ae8000 	C:\Windows\System32\PSAPI.DLL
0x00007ffccabe0000 - 0x00007ffccabe9000 	C:\Windows\SYSTEM32\WSOCK32.dll
0x00007ffcd7050000 - 0x00007ffcd705a000 	C:\Windows\SYSTEM32\VERSION.dll
0x00007ffcd3f40000 - 0x00007ffcd3f67000 	C:\Windows\SYSTEM32\WINMM.dll
0x00007ffce1b70000 - 0x00007ffce1bdb000 	C:\Windows\System32\WS2_32.dll
0x00007ffcde1a0000 - 0x00007ffcde1b2000 	C:\Windows\SYSTEM32\kernel.appcore.dll
0x00007ffcccb30000 - 0x00007ffcccb41000 	C:\Program Files\JetBrains\IntelliJ IDEA Community Edition 2020.3.2\jbr\bin\verify.dll
0x00007ffcdd710000 - 0x00007ffcdd8f4000 	C:\Windows\SYSTEM32\DBGHELP.DLL
0x00007ffcd4020000 - 0x00007ffcd404c000 	C:\Windows\SYSTEM32\dbgcore.DLL
0x00007ffce0170000 - 0x00007ffce01f0000 	C:\Windows\System32\bcryptPrimitives.dll
0x00007ffcccb00000 - 0x00007ffcccb29000 	C:\Program Files\JetBrains\IntelliJ IDEA Community Edition 2020.3.2\jbr\bin\java.dll
0x00007ffcdb030000 - 0x00007ffcdb03b000 	C:\Program Files\JetBrains\IntelliJ IDEA Community Edition 2020.3.2\jbr\bin\jimage.dll
0x00007ffcc6430000 - 0x00007ffcc6448000 	C:\Program Files\JetBrains\IntelliJ IDEA Community Edition 2020.3.2\jbr\bin\zip.dll
0x00007ffce10d0000 - 0x00007ffce1812000 	C:\Windows\System32\SHELL32.dll
0x00007ffcdd900000 - 0x00007ffcde091000 	C:\Windows\SYSTEM32\windows.storage.dll
0x00007ffce01f0000 - 0x00007ffce0545000 	C:\Windows\System32\combase.dll
0x00007ffcdf2d0000 - 0x00007ffcdf2fc000 	C:\Windows\SYSTEM32\Wldp.dll
0x00007ffce1ff0000 - 0x00007ffce209e000 	C:\Windows\System32\SHCORE.dll
0x00007ffce1d10000 - 0x00007ffce1d65000 	C:\Windows\System32\shlwapi.dll
0x00007ffcdf810000 - 0x00007ffcdf82f000 	C:\Windows\SYSTEM32\profapi.dll
0x00007ffcc6410000 - 0x00007ffcc642a000 	C:\Program Files\JetBrains\IntelliJ IDEA Community Edition 2020.3.2\jbr\bin\net.dll
0x00007ffcd9320000 - 0x00007ffcd942b000 	C:\Windows\SYSTEM32\WINHTTP.dll
0x00007ffcdf040000 - 0x00007ffcdf0aa000 	C:\Windows\system32\mswsock.dll
0x00007ffcc6350000 - 0x00007ffcc6364000 	C:\Program Files\JetBrains\IntelliJ IDEA Community Edition 2020.3.2\jbr\bin\nio.dll
0x00007ffcc5890000 - 0x00007ffcc58b6000 	C:\Users\ccod\.gradle\native\31\windows-amd64\native-platform.dll
0x00007ffcdb000000 - 0x00007ffcdb00a000 	C:\Program Files\JetBrains\IntelliJ IDEA Community Edition 2020.3.2\jbr\bin\management.dll
0x00007ffcdafb0000 - 0x00007ffcdafbc000 	C:\Program Files\JetBrains\IntelliJ IDEA Community Edition 2020.3.2\jbr\bin\management_ext.dll
0x00007ffcdf210000 - 0x00007ffcdf228000 	C:\Windows\SYSTEM32\CRYPTSP.dll
0x00007ffcde980000 - 0x00007ffcde9b4000 	C:\Windows\system32\rsaenh.dll
0x00007ffcdff30000 - 0x00007ffcdff57000 	C:\Windows\System32\bcrypt.dll
0x00007ffcdf790000 - 0x00007ffcdf7be000 	C:\Windows\SYSTEM32\USERENV.dll
0x00007ffcdf230000 - 0x00007ffcdf23c000 	C:\Windows\SYSTEM32\CRYPTBASE.dll
0x00007ffcdecd0000 - 0x00007ffcded0b000 	C:\Windows\SYSTEM32\IPHLPAPI.DLL
0x00007ffce1be0000 - 0x00007ffce1be8000 	C:\Windows\System32\NSI.dll
0x00007ffcd7150000 - 0x00007ffcd7167000 	C:\Windows\SYSTEM32\dhcpcsvc6.DLL
0x00007ffcd7650000 - 0x00007ffcd766d000 	C:\Windows\SYSTEM32\dhcpcsvc.DLL
0x00007ffcded70000 - 0x00007ffcdee3c000 	C:\Windows\SYSTEM32\DNSAPI.dll

dbghelp: loaded successfully - version: 4.0.5 - missing functions: none
symbol engine: initialized successfully - sym options: 0x614 - pdb path: .;C:\Program Files\JetBrains\IntelliJ IDEA Community Edition 2020.3.2\jbr\bin;C:\Windows\SYSTEM32;C:\Program Files\Avast Software\Avast;C:\Windows\WinSxS\amd64_microsoft.windows.common-controls_6595b64144ccf1df_6.0.19041.844_none_ca00b6081b84eb1d;C:\Program Files\JetBrains\IntelliJ IDEA Community Edition 2020.3.2\jbr\bin\server;C:\Users\ccod\.gradle\native\31\windows-amd64

VM Arguments:
jvm_args: --add-opens=java.base/java.util=ALL-UNNAMED --add-opens=java.base/java.lang=ALL-UNNAMED --add-opens=java.base/java.lang.invoke=ALL-UNNAMED --add-opens=java.prefs/java.util.prefs=ALL-UNNAMED -Xmx2048m -Dfile.encoding=windows-1251 -Duser.country=RU -Duser.language=ru -Duser.variant 
java_command: org.gradle.launcher.daemon.bootstrap.GradleDaemon 6.1.1
java_class_path (initial): C:\Users\ccod\.gradle\wrapper\dists\gradle-6.1.1-all\cfmwm155h49vnt3hynmlrsdst\gradle-6.1.1\lib\gradle-launcher-6.1.1.jar
Launcher Type: SUN_STANDARD

[Global flags]
     intx CICompilerCount                          = 4                                         {product} {ergonomic}
     uint ConcGCThreads                            = 3                                         {product} {ergonomic}
     uint G1ConcRefinementThreads                  = 10                                        {product} {ergonomic}
   size_t G1HeapRegionSize                         = 1048576                                   {product} {ergonomic}
    uintx GCDrainStackTargetSize                   = 64                                        {product} {ergonomic}
   size_t InitialHeapSize                          = 268435456                                 {product} {ergonomic}
   size_t MarkStackSize                            = 4194304                                   {product} {ergonomic}
   size_t MaxHeapSize                              = 2147483648                                {product} {command line}
   size_t MaxNewSize                               = 1287651328                                {product} {ergonomic}
   size_t MinHeapDeltaBytes                        = 1048576                                   {product} {ergonomic}
    uintx NonNMethodCodeHeapSize                   = 5836300                                {pd product} {ergonomic}
    uintx NonProfiledCodeHeapSize                  = 122910970                              {pd product} {ergonomic}
    uintx ProfiledCodeHeapSize                     = 122910970                              {pd product} {ergonomic}
    uintx ReservedCodeCacheSize                    = 251658240                              {pd product} {ergonomic}
     bool SegmentedCodeCache                       = true                                      {product} {ergonomic}
     bool UseCompressedClassPointers               = true                                 {lp64_product} {ergonomic}
     bool UseCompressedOops                        = true                                 {lp64_product} {ergonomic}
     bool UseG1GC                                  = true                                      {product} {ergonomic}
     bool UseLargePagesIndividualAllocation        = false                                  {pd product} {ergonomic}

Logging:
Log output configuration:
 #0: stdout all=warning uptime,level,tags
 #1: stderr all=off uptime,level,tags

Environment Variables:
PATH=C:\Windows\system32;C:\Windows;C:\Windows\System32\Wbem;C:\Windows\System32\WindowsPowerShell\v1.0\;C:\Windows\System32\OpenSSH\;C:\Program Files (x86)\NVIDIA Corporation\PhysX\Common;C:\Program Files\NVIDIA Corporation\NVIDIA NvDLISR;C:\Program Files\Git\cmd;C:\Program Files\SafeNet\Authentication\SAC\x64;C:\Program Files\SafeNet\Authentication\SAC\x32;C:\Users\ccod\AppData\Local\Microsoft\WindowsApps;
USERNAME=ccod
OS=Windows_NT
PROCESSOR_IDENTIFIER=Intel64 Family 6 Model 165 Stepping 2, GenuineIntel



---------------  S Y S T E M  ---------------

OS: Windows 10 , 64 bit Build 19041 (10.0.19041.928)
OS uptime: 9 days 6:30 hours

CPU:total 12 (initial active 12) (6 cores per cpu, 2 threads per core) family 6 model 165 stepping 2, cmov, cx8, fxsr, mmx, sse, sse2, sse3, ssse3, sse4.1, sse4.2, popcnt, avx, avx2, aes, clmul, erms, 3dnowpref, lzcnt, ht, tsc, tscinvbit, bmi1, bmi2, adx, fma

Memory: 4k page, system-wide physical 16257M (514M free)
TotalPageFile size 31617M (AvailPageFile size 2M)
current process WorkingSet (physical memory assigned to process): 297M, peak: 303M
current process commit charge ("private bytes"): 475M, peak: 482M

vm_info: OpenJDK 64-Bit Server VM (11.0.9.1+11-b1145.77) for windows-amd64 JRE (11.0.9.1+11-b1145.77), built on Jan 16 2021 05:14:13 by "" with MS VC++ 14.0 (VS2015)

END.
